# JRE version: OpenJDK Runtime Environment (8.0_242-b01) (build 1.8.0_242-release-1644-b01)
# Java VM: OpenJDK 64-Bit Server VM (25.242-b01 mixed mode windows-amd64 compressed oops)
Heap:
 PSYoungGen      total 474112K, used 180910K [0x00000000d5580000, 0x00000000f7b80000, 0x0000000100000000)
  eden space 394240K, 31% used [0x00000000d5580000,0x00000000dced8700,0x00000000ed680000)
  from space 79872K, 70% used [0x00000000f2880000,0x00000000f5fd3270,0x00000000f7680000)
  to   space 83968K, 0% used [0x00000000ed680000,0x00000000ed680000,0x00000000f2880000)
 ParOldGen       total 442368K, used 235472K [0x0000000080000000, 0x000000009b000000, 0x00000000d5580000)
  object space 442368K, 53% used [0x0000000080000000,0x000000008e5f4210,0x000000009b000000)
 Metaspace       used 95546K, capacity 100530K, committed 100824K, reserved 1136640K
  class space    used 12301K, capacity 13271K, committed 13312K, reserved 1048576K
GC Heap History (10 events):
Event: 26.818 GC heap before
{Heap before GC invocations=23 (full 5):
 PSYoungGen      total 407552K, used 37324K [0x00000000d5580000, 0x00000000f3700000, 0x0000000100000000)
  eden space 323072K, 0% used [0x00000000d5580000,0x00000000d5580000,0x00000000e9100000)
  from space 84480K, 44% used [0x00000000ee480000,0x00000000f08f3040,0x00000000f3700000)
  to   space 84992K, 0% used [0x00000000e9100000,0x00000000e9100000,0x00000000ee400000)
 ParOldGen       total 265728K, used 243595K [0x0000000080000000, 0x0000000090380000, 0x00000000d5580000)
  object space 265728K, 91% used [0x0000000080000000,0x000000008ede2fd8,0x0000000090380000)
 Metaspace       used 76400K, capacity 79984K, committed 80216K, reserved 1118208K
  class space    used 10410K, capacity 11087K, committed 11136K, reserved 1048576K
Event: 27.900 GC heap after
Heap after GC invocations=23 (full 5):
 PSYoungGen      total 407552K, used 0K [0x00000000d5580000, 0x00000000f3700000, 0x0000000100000000)
  eden space 323072K, 0% used [0x00000000d5580000,0x00000000d5580000,0x00000000e9100000)
  from space 84480K, 0% used [0x00000000ee480000,0x00000000ee480000,0x00000000f3700000)
  to   space 84992K, 0% used [0x00000000e9100000,0x00000000e9100000,0x00000000ee400000)
 ParOldGen       total 442368K, used 235448K [0x0000000080000000, 0x000000009b000000, 0x00000000d5580000)
  object space 442368K, 53% used [0x0000000080000000,0x000000008e5ee210,0x000000009b000000)
 Metaspace       used 76394K, capacity 79964K, committed 80216K, reserved 1118208K
  class space    used 10408K, capacity 11083K, committed 11136K, reserved 1048576K
}
Event: 31.280 GC heap before
{Heap before GC invocations=24 (full 5):
 PSYoungGen      total 407552K, used 323072K [0x00000000d5580000, 0x00000000f3700000, 0x0000000100000000)
  eden space 323072K, 100% used [0x00000000d5580000,0x00000000e9100000,0x00000000e9100000)
  from space 84480K, 0% used [0x00000000ee480000,0x00000000ee480000,0x00000000f3700000)
  to   space 84992K, 0% used [0x00000000e9100000,0x00000000e9100000,0x00000000ee400000)
 ParOldGen       total 442368K, used 235448K [0x0000000080000000, 0x000000009b000000, 0x00000000d5580000)
  object space 442368K, 53% used [0x0000000080000000,0x000000008e5ee210,0x000000009b000000)
 Metaspace       used 77297K, capacity 81174K, committed 81368K, reserved 1120256K
  class space    used 10504K, capacity 11224K, committed 11264K, reserved 1048576K
Event: 31.364 GC heap after
Heap after GC invocations=24 (full 5):
 PSYoungGen      total 408064K, used 54433K [0x00000000d5580000, 0x00000000f6980000, 0x0000000100000000)
  eden space 323072K, 0% used [0x00000000d5580000,0x00000000d5580000,0x00000000e9100000)
  from space 84992K, 64% used [0x00000000e9100000,0x00000000ec6285e0,0x00000000ee400000)
  to   space 88064K, 0% used [0x00000000f1380000,0x00000000f1380000,0x00000000f6980000)
 ParOldGen       total 442368K, used 235456K [0x0000000080000000, 0x000000009b000000, 0x00000000d5580000)
  object space 442368K, 53% used [0x0000000080000000,0x000000008e5f0210,0x000000009b000000)
 Metaspace       used 77297K, capacity 81174K, committed 81368K, reserved 1120256K
  class space    used 10504K, capacity 11224K, committed 11264K, reserved 1048576K
}
Event: 35.443 GC heap before
{Heap before GC invocations=25 (full 5):
 PSYoungGen      total 408064K, used 377505K [0x00000000d5580000, 0x00000000f6980000, 0x0000000100000000)
  eden space 323072K, 100% used [0x00000000d5580000,0x00000000e9100000,0x00000000e9100000)
  from space 84992K, 64% used [0x00000000e9100000,0x00000000ec6285e0,0x00000000ee400000)
  to   space 88064K, 0% used [0x00000000f1380000,0x00000000f1380000,0x00000000f6980000)
 ParOldGen       total 442368K, used 235456K [0x0000000080000000, 0x000000009b000000, 0x00000000d5580000)
  object space 442368K, 53% used [0x0000000080000000,0x000000008e5f0210,0x000000009b000000)
 Metaspace       used 82807K, capacity 86784K, committed 87000K, reserved 1124352K
  class space    used 11174K, capacity 11939K, committed 12032K, reserved 1048576K
Event: 35.479 GC heap after
Heap after GC invocations=25 (full 5):
 PSYoungGen      total 436224K, used 27130K [0x00000000d5580000, 0x00000000f5b80000, 0x0000000100000000)
  eden space 362496K, 0% used [0x00000000d5580000,0x00000000d5580000,0x00000000eb780000)
  from space 73728K, 36% used [0x00000000f1380000,0x00000000f2dfea60,0x00000000f5b80000)
  to   space 83968K, 0% used [0x00000000eb780000,0x00000000eb780000,0x00000000f0980000)
 ParOldGen       total 442368K, used 235464K [0x0000000080000000, 0x000000009b000000, 0x00000000d5580000)
  object space 442368K, 53% used [0x0000000080000000,0x000000008e5f2210,0x000000009b000000)
 Metaspace       used 82807K, capacity 86784K, committed 87000K, reserved 1124352K
  class space    used 11174K, capacity 11939K, committed 12032K, reserved 1048576K
}
Event: 247.272 GC heap before
{Heap before GC invocations=26 (full 5):
 PSYoungGen      total 436224K, used 389626K [0x00000000d5580000, 0x00000000f5b80000, 0x0000000100000000)
  eden space 362496K, 100% used [0x00000000d5580000,0x00000000eb780000,0x00000000eb780000)
  from space 73728K, 36% used [0x00000000f1380000,0x00000000f2dfea60,0x00000000f5b80000)
  to   space 83968K, 0% used [0x00000000eb780000,0x00000000eb780000,0x00000000f0980000)
 ParOldGen       total 442368K, used 235464K [0x0000000080000000, 0x000000009b000000, 0x00000000d5580000)
  object space 442368K, 53% used [0x0000000080000000,0x000000008e5f2210,0x000000009b000000)
 Metaspace       used 89339K, capacity 93628K, committed 93912K, reserved 1130496K
  class space    used 11626K, capacity 12464K, committed 12544K, reserved 1048576K
Event: 247.438 GC heap after
Heap after GC invocations=26 (full 5):
 PSYoungGen      total 446464K, used 35720K [0x00000000d5580000, 0x00000000f7680000, 0x0000000100000000)
  eden space 362496K, 0% used [0x00000000d5580000,0x00000000d5580000,0x00000000eb780000)
  from space 83968K, 42% used [0x00000000eb780000,0x00000000eda620f0,0x00000000f0980000)
  to   space 79872K, 0% used [0x00000000f2880000,0x00000000f2880000,0x00000000f7680000)
 ParOldGen       total 442368K, used 235472K [0x0000000080000000, 0x000000009b000000, 0x00000000d5580000)
  object space 442368K, 53% used [0x0000000080000000,0x000000008e5f4210,0x000000009b000000)
 Metaspace       used 89339K, capacity 93628K, committed 93912K, reserved 1130496K
  class space    used 11626K, capacity 12464K, committed 12544K, reserved 1048576K
}
Event: 254.187 GC heap before
{Heap before GC invocations=27 (full 5):
 PSYoungGen      total 446464K, used 398216K [0x00000000d5580000, 0x00000000f7680000, 0x0000000100000000)
  eden space 362496K, 100% used [0x00000000d5580000,0x00000000eb780000,0x00000000eb780000)
  from space 83968K, 42% used [0x00000000eb780000,0x00000000eda620f0,0x00000000f0980000)
  to   space 79872K, 0% used [0x00000000f2880000,0x00000000f2880000,0x00000000f7680000)
 ParOldGen       total 442368K, used 235472K [0x0000000080000000, 0x000000009b000000, 0x00000000d5580000)
  object space 442368K, 53% used [0x0000000080000000,0x000000008e5f4210,0x000000009b000000)
 Metaspace       used 91075K, capacity 95574K, committed 95704K, reserved 1132544K
  class space    used 11790K, capacity 12675K, committed 12800K, reserved 1048576K
Event: 254.282 GC heap after
Heap after GC invocations=27 (full 5):
 PSYoungGen      total 474112K, used 56652K [0x00000000d5580000, 0x00000000f7b80000, 0x0000000100000000)
  eden space 394240K, 0% used [0x00000000d5580000,0x00000000d5580000,0x00000000ed680000)
  from space 79872K, 70% used [0x00000000f2880000,0x00000000f5fd3270,0x00000000f7680000)
  to   space 83968K, 0% used [0x00000000ed680000,0x00000000ed680000,0x00000000f2880000)
 ParOldGen       total 442368K, used 235472K [0x0000000080000000, 0x000000009b000000, 0x00000000d5580000)
  object space 442368K, 53% used [0x0000000080000000,0x000000008e5f4210,0x000000009b000000)
 Metaspace       used 91075K, capacity 95574K, committed 95704K, reserved 1132544K
  class space    used 11790K, capacity 12675K, committed 12800K, reserved 1048576K
}

