# JRE version: OpenJDK Runtime Environment (8.0_242-b01) (build 1.8.0_242-release-1644-b01)
# Java VM: OpenJDK 64-Bit Server VM (25.242-b01 mixed mode windows-amd64 compressed oops)
Heap:
 PSYoungGen      total 297472K, used 257273K [0x00000000d5580000, 0x00000000ea280000, 0x0000000100000000)
  eden space 253952K, 90% used [0x00000000d5580000,0x00000000e35aaea8,0x00000000e4d80000)
  from space 43520K, 64% used [0x00000000e4d80000,0x00000000e68b9df8,0x00000000e7800000)
  to   space 39936K, 0% used [0x00000000e7b80000,0x00000000e7b80000,0x00000000ea280000)
 ParOldGen       total 135680K, used 69837K [0x0000000080000000, 0x0000000088480000, 0x00000000d5580000)
  object space 135680K, 51% used [0x0000000080000000,0x0000000084433540,0x0000000088480000)
 Metaspace       used 91540K, capacity 96184K, committed 96256K, reserved 1132544K
  class space    used 12299K, capacity 13243K, committed 13312K, reserved 1048576K
GC Heap History (10 events):
Event: 1153.955 GC heap before
{Heap before GC invocations=19 (full 3):
 PSYoungGen      total 220672K, used 210236K [0x00000000d5580000, 0x00000000e6a80000, 0x0000000100000000)
  eden space 195584K, 100% used [0x00000000d5580000,0x00000000e1480000,0x00000000e1480000)
  from space 25088K, 58% used [0x00000000e1480000,0x00000000e22cf3e0,0x00000000e2d00000)
  to   space 25088K, 0% used [0x00000000e5200000,0x00000000e5200000,0x00000000e6a80000)
 ParOldGen       total 135680K, used 58309K [0x0000000080000000, 0x0000000088480000, 0x00000000d5580000)
  object space 135680K, 42% used [0x0000000080000000,0x00000000838f17c8,0x0000000088480000)
 Metaspace       used 82322K, capacity 86594K, committed 86784K, reserved 1124352K
  class space    used 11070K, capacity 11966K, committed 12032K, reserved 1048576K
Event: 1153.984 GC heap after
Heap after GC invocations=19 (full 3):
 PSYoungGen      total 251392K, used 25072K [0x00000000d5580000, 0x00000000e6a80000, 0x0000000100000000)
  eden space 226304K, 0% used [0x00000000d5580000,0x00000000d5580000,0x00000000e3280000)
  from space 25088K, 99% used [0x00000000e5200000,0x00000000e6a7c2c0,0x00000000e6a80000)
  to   space 28672K, 0% used [0x00000000e3280000,0x00000000e3280000,0x00000000e4e80000)
 ParOldGen       total 135680K, used 59162K [0x0000000080000000, 0x0000000088480000, 0x00000000d5580000)
  object space 135680K, 43% used [0x0000000080000000,0x00000000839c6ad0,0x0000000088480000)
 Metaspace       used 82322K, capacity 86594K, committed 86784K, reserved 1124352K
  class space    used 11070K, capacity 11966K, committed 12032K, reserved 1048576K
}
Event: 1157.224 GC heap before
{Heap before GC invocations=20 (full 3):
 PSYoungGen      total 251392K, used 251376K [0x00000000d5580000, 0x00000000e6a80000, 0x0000000100000000)
  eden space 226304K, 100% used [0x00000000d5580000,0x00000000e3280000,0x00000000e3280000)
  from space 25088K, 99% used [0x00000000e5200000,0x00000000e6a7c2c0,0x00000000e6a80000)
  to   space 28672K, 0% used [0x00000000e3280000,0x00000000e3280000,0x00000000e4e80000)
 ParOldGen       total 135680K, used 59162K [0x0000000080000000, 0x0000000088480000, 0x00000000d5580000)
  object space 135680K, 43% used [0x0000000080000000,0x00000000839c6ad0,0x0000000088480000)
 Metaspace       used 83681K, capacity 87900K, committed 88192K, reserved 1126400K
  class space    used 11187K, capacity 12077K, committed 12160K, reserved 1048576K
Event: 1157.317 GC heap after
Heap after GC invocations=20 (full 3):
 PSYoungGen      total 254976K, used 28642K [0x00000000d5580000, 0x00000000ea780000, 0x0000000100000000)
  eden space 226304K, 0% used [0x00000000d5580000,0x00000000d5580000,0x00000000e3280000)
  from space 28672K, 99% used [0x00000000e3280000,0x00000000e4e78858,0x00000000e4e80000)
  to   space 45056K, 0% used [0x00000000e7b80000,0x00000000e7b80000,0x00000000ea780000)
 ParOldGen       total 135680K, used 91298K [0x0000000080000000, 0x0000000088480000, 0x00000000d5580000)
  object space 135680K, 67% used [0x0000000080000000,0x0000000085928b60,0x0000000088480000)
 Metaspace       used 83681K, capacity 87900K, committed 88192K, reserved 1126400K
  class space    used 11187K, capacity 12077K, committed 12160K, reserved 1048576K
}
Event: 1163.837 GC heap before
{Heap before GC invocations=21 (full 3):
 PSYoungGen      total 254976K, used 254946K [0x00000000d5580000, 0x00000000ea780000, 0x0000000100000000)
  eden space 226304K, 100% used [0x00000000d5580000,0x00000000e3280000,0x00000000e3280000)
  from space 28672K, 99% used [0x00000000e3280000,0x00000000e4e78858,0x00000000e4e80000)
  to   space 45056K, 0% used [0x00000000e7b80000,0x00000000e7b80000,0x00000000ea780000)
 ParOldGen       total 135680K, used 91298K [0x0000000080000000, 0x0000000088480000, 0x00000000d5580000)
  object space 135680K, 67% used [0x0000000080000000,0x0000000085928b60,0x0000000088480000)
 Metaspace       used 85966K, capacity 90336K, committed 90496K, reserved 1128448K
  class space    used 11459K, capacity 12379K, committed 12416K, reserved 1048576K
Event: 1163.901 GC heap after
Heap after GC invocations=21 (full 3):
 PSYoungGen      total 293888K, used 9046K [0x00000000d5580000, 0x00000000ea280000, 0x0000000100000000)
  eden space 253952K, 0% used [0x00000000d5580000,0x00000000d5580000,0x00000000e4d80000)
  from space 39936K, 22% used [0x00000000e7b80000,0x00000000e8455938,0x00000000ea280000)
  to   space 43520K, 0% used [0x00000000e4d80000,0x00000000e4d80000,0x00000000e7800000)
 ParOldGen       total 135680K, used 118508K [0x0000000080000000, 0x0000000088480000, 0x00000000d5580000)
  object space 135680K, 87% used [0x0000000080000000,0x00000000873bb3a0,0x0000000088480000)
 Metaspace       used 85966K, capacity 90336K, committed 90496K, reserved 1128448K
  class space    used 11459K, capacity 12379K, committed 12416K, reserved 1048576K
}
Event: 1163.902 GC heap before
{Heap before GC invocations=22 (full 4):
 PSYoungGen      total 293888K, used 9046K [0x00000000d5580000, 0x00000000ea280000, 0x0000000100000000)
  eden space 253952K, 0% used [0x00000000d5580000,0x00000000d5580000,0x00000000e4d80000)
  from space 39936K, 22% used [0x00000000e7b80000,0x00000000e8455938,0x00000000ea280000)
  to   space 43520K, 0% used [0x00000000e4d80000,0x00000000e4d80000,0x00000000e7800000)
 ParOldGen       total 135680K, used 118508K [0x0000000080000000, 0x0000000088480000, 0x00000000d5580000)
  object space 135680K, 87% used [0x0000000080000000,0x00000000873bb3a0,0x0000000088480000)
 Metaspace       used 85966K, capacity 90336K, committed 90496K, reserved 1128448K
  class space    used 11459K, capacity 12379K, committed 12416K, reserved 1048576K
Event: 1164.234 GC heap after
Heap after GC invocations=22 (full 4):
 PSYoungGen      total 293888K, used 0K [0x00000000d5580000, 0x00000000ea280000, 0x0000000100000000)
  eden space 253952K, 0% used [0x00000000d5580000,0x00000000d5580000,0x00000000e4d80000)
  from space 39936K, 0% used [0x00000000e7b80000,0x00000000e7b80000,0x00000000ea280000)
  to   space 43520K, 0% used [0x00000000e4d80000,0x00000000e4d80000,0x00000000e7800000)
 ParOldGen       total 135680K, used 69829K [0x0000000080000000, 0x0000000088480000, 0x00000000d5580000)
  object space 135680K, 51% used [0x0000000080000000,0x0000000084431540,0x0000000088480000)
 Metaspace       used 85929K, capacity 90226K, committed 90496K, reserved 1128448K
  class space    used 11447K, capacity 12358K, committed 12416K, reserved 1048576K
}
Event: 1167.406 GC heap before
{Heap before GC invocations=23 (full 4):
 PSYoungGen      total 293888K, used 253952K [0x00000000d5580000, 0x00000000ea280000, 0x0000000100000000)
  eden space 253952K, 100% used [0x00000000d5580000,0x00000000e4d80000,0x00000000e4d80000)
  from space 39936K, 0% used [0x00000000e7b80000,0x00000000e7b80000,0x00000000ea280000)
  to   space 43520K, 0% used [0x00000000e4d80000,0x00000000e4d80000,0x00000000e7800000)
 ParOldGen       total 135680K, used 69829K [0x0000000080000000, 0x0000000088480000, 0x00000000d5580000)
  object space 135680K, 51% used [0x0000000080000000,0x0000000084431540,0x0000000088480000)
 Metaspace       used 89404K, capacity 93908K, committed 94080K, reserved 1130496K
  class space    used 11902K, capacity 12839K, committed 12928K, reserved 1048576K
Event: 1167.422 GC heap after
Heap after GC invocations=23 (full 4):
 PSYoungGen      total 297472K, used 27879K [0x00000000d5580000, 0x00000000ea280000, 0x0000000100000000)
  eden space 253952K, 0% used [0x00000000d5580000,0x00000000d5580000,0x00000000e4d80000)
  from space 43520K, 64% used [0x00000000e4d80000,0x00000000e68b9df8,0x00000000e7800000)
  to   space 39936K, 0% used [0x00000000e7b80000,0x00000000e7b80000,0x00000000ea280000)
 ParOldGen       total 135680K, used 69837K [0x0000000080000000, 0x0000000088480000, 0x00000000d5580000)
  object space 135680K, 51% used [0x0000000080000000,0x0000000084433540,0x0000000088480000)
 Metaspace       used 89404K, capacity 93908K, committed 94080K, reserved 1130496K
  class space    used 11902K, capacity 12839K, committed 12928K, reserved 1048576K
}

